Using pre-set license
Built from '2022.2/staging' branch; Version is '2022.2.21f1 (4907324dc95b) revision 4785970'; Using compiler version '192829333'; Build Type 'Release'
OS: 'Windows 11  (10.0.22631) 64bit Professional' Language: 'en' Physical Memory: 28436 MB
BatchMode: 1, IsHumanControllingUs: 0, StartBugReporterOnCrash: 0, Is64bit: 1, IsPro: 1

COMMAND LINE ARGUMENTS:
C:\Program Files\Unity\Hub\Editor\2022.2.21f1\Editor\Unity.exe
-adb2
-batchMode
-noUpm
-name
AssetImportWorker0
-projectPath
C:/Users/genya/OneDrive/Desktop/Fall 2024 Game jam/GameJam-Fall24/Clickme_S4
-logFile
Logs/AssetImportWorker0.log
-srvPort
53727
Successfully changed project path to: C:/Users/genya/OneDrive/Desktop/Fall 2024 Game jam/GameJam-Fall24/Clickme_S4
C:/Users/genya/OneDrive/Desktop/Fall 2024 Game jam/GameJam-Fall24/Clickme_S4
[UnityMemory] Configuration Parameters - Can be set up in boot.config
    "memorysetup-bucket-allocator-granularity=16"
    "memorysetup-bucket-allocator-bucket-count=8"
    "memorysetup-bucket-allocator-block-size=33554432"
    "memorysetup-bucket-allocator-block-count=8"
    "memorysetup-main-allocator-block-size=16777216"
    "memorysetup-thread-allocator-block-size=16777216"
    "memorysetup-gfx-main-allocator-block-size=16777216"
    "memorysetup-gfx-thread-allocator-block-size=16777216"
    "memorysetup-cache-allocator-block-size=4194304"
    "memorysetup-typetree-allocator-block-size=2097152"
    "memorysetup-profiler-bucket-allocator-granularity=16"
    "memorysetup-profiler-bucket-allocator-bucket-count=8"
    "memorysetup-profiler-bucket-allocator-block-size=33554432"
    "memorysetup-profiler-bucket-allocator-block-count=8"
    "memorysetup-profiler-allocator-block-size=16777216"
    "memorysetup-profiler-editor-allocator-block-size=1048576"
    "memorysetup-temp-allocator-size-main=16777216"
    "memorysetup-job-temp-allocator-block-size=2097152"
    "memorysetup-job-temp-allocator-block-size-background=1048576"
    "memorysetup-job-temp-allocator-reduction-small-platforms=262144"
    "memorysetup-allocator-temp-initial-block-size-main=262144"
    "memorysetup-allocator-temp-initial-block-size-worker=262144"
    "memorysetup-temp-allocator-size-background-worker=32768"
    "memorysetup-temp-allocator-size-job-worker=262144"
    "memorysetup-temp-allocator-size-preload-manager=33554432"
    "memorysetup-temp-allocator-size-nav-mesh-worker=65536"
    "memorysetup-temp-allocator-size-audio-worker=65536"
    "memorysetup-temp-allocator-size-cloud-worker=32768"
    "memorysetup-temp-allocator-size-gi-baking-worker=262144"
    "memorysetup-temp-allocator-size-gfx=262144"
Player connection [30008] Host "[IP] 10.24.40.180 [Port] 0 [Flags] 2 [Guid] 2898430963 [EditorId] 2898430963 [Version] 1048832 [Id] WindowsEditor(7,CollegeLaptop2) [Debug] 1 [PackageName] WindowsEditor [ProjectName] Editor" joined multi-casting on [225.0.0.222:54997]...

Player connection [30008] Host "[IP] 10.24.40.180 [Port] 0 [Flags] 2 [Guid] 2898430963 [EditorId] 2898430963 [Version] 1048832 [Id] WindowsEditor(7,CollegeLaptop2) [Debug] 1 [PackageName] WindowsEditor [ProjectName] Editor" joined alternative multi-casting on [225.0.0.222:34997]...

Refreshing native plugins compatible for Editor in 8.81 ms, found 3 plugins.
Preloading 0 native plugins for Editor in 0.00 ms.
Initialize engine version: 2022.2.21f1 (4907324dc95b)
[Subsystems] Discovering subsystems at path C:/Program Files/Unity/Hub/Editor/2022.2.21f1/Editor/Data/Resources/UnitySubsystems
[Subsystems] Discovering subsystems at path C:/Users/genya/OneDrive/Desktop/Fall 2024 Game jam/GameJam-Fall24/Clickme_S4/Assets
GfxDevice: creating device client; threaded=0; jobified=0
Direct3D:
    Version:  Direct3D 11.0 [level 11.1]
    Renderer: AMD Radeon PRO Graphics (ID=0x1681)
    Vendor:   ATI
    VRAM:     14218 MB
    Driver:   31.0.21024.11002
Initialize mono
Mono path[0] = 'C:/Program Files/Unity/Hub/Editor/2022.2.21f1/Editor/Data/Managed'
Mono path[1] = 'C:/Program Files/Unity/Hub/Editor/2022.2.21f1/Editor/Data/MonoBleedingEdge/lib/mono/unityjit-win32'
Mono config path = 'C:/Program Files/Unity/Hub/Editor/2022.2.21f1/Editor/Data/MonoBleedingEdge/etc'
Using monoOptions --debugger-agent=transport=dt_socket,embedding=1,server=y,suspend=n,address=127.0.0.1:56676
Begin MonoManager ReloadAssembly
Registering precompiled unity dll's ...
Register platform support module: C:/Program Files/Unity/Hub/Editor/2022.2.21f1/Editor/Data/PlaybackEngines/WebGLSupport/UnityEditor.WebGL.Extensions.dll
Register platform support module: C:/Program Files/Unity/Hub/Editor/2022.2.21f1/Editor/Data/PlaybackEngines/AndroidPlayer/UnityEditor.Android.Extensions.dll
Register platform support module: C:/Program Files/Unity/Hub/Editor/2022.2.21f1/Editor/Data/PlaybackEngines/iOSSupport/UnityEditor.iOS.Extensions.dll
Register platform support module: C:/Program Files/Unity/Hub/Editor/2022.2.21f1/Editor/Data/PlaybackEngines/WindowsStandaloneSupport/UnityEditor.WindowsStandalone.Extensions.dll
Register platform support module: C:/Program Files/Unity/Hub/Editor/2022.2.21f1/Editor/Data/PlaybackEngines/MetroSupport/UnityEditor.UWP.Extensions.dll
Registered in 0.013428 seconds.
- Loaded All Assemblies, in  0.353 seconds
Native extension for UWP target not found
Native extension for WindowsStandalone target not found
[usbmuxd] Start listen thread
[usbmuxd] Listen thread started
Native extension for iOS target not found
Native extension for Android target not found
Android Extension - Scanning For ADB Devices 357 ms
Native extension for WebGL target not found
Mono: successfully reloaded assembly
- Finished resetting the current domain, in  0.719 seconds
Domain Reload Profiling:
	ReloadAssembly (199ms)
		BeginReloadAssembly (93ms)
			ExecutionOrderSort (0ms)
			DisableScriptedObjects (0ms)
			BackupInstance (0ms)
			ReleaseScriptingObjects (0ms)
			CreateAndSetChildDomain (1ms)
		LoadAllAssembliesAndSetupDomain (0ms)
			LoadAssemblies (91ms)
			RebuildTransferFunctionScriptingTraits (0ms)
			SetupTypeCache (144ms)
				TypeCache.Initialize (143ms)
					TypeCache.ScanAssembly (141ms)
				ResolveRequiredComponents (0ms)
		FinalizeReload (0ms)
			ReleaseScriptCaches (0ms)
			RebuildScriptCaches (0ms)
			SetupLoadedEditorAssemblies (658ms)
				LogAssemblyErrors (0ms)
				InitializePlatformSupportModulesInManaged (503ms)
				SetLoadedEditorAssemblies (4ms)
				RefreshPlugins (0ms)
				BeforeProcessingInitializeOnLoad (1ms)
				ProcessInitializeOnLoadAttributes (101ms)
				ProcessInitializeOnLoadMethodAttributes (49ms)
				AfterProcessingInitializeOnLoad (0ms)
				EditorAssembliesLoaded (0ms)
			ExecutionOrderSort2 (0ms)
			AwakeInstancesAfterBackupRestoration (0ms)
========================================================================
Worker process is ready to serve import requests
Begin MonoManager ReloadAssembly
Symbol file LoadedFromMemory doesn't match image C:\Users\genya\OneDrive\Desktop\Fall 2024 Game jam\GameJam-Fall24\Clickme_S4\Library\PackageCache\com.unity.visualscripting@1.8.0\Editor\VisualScripting.Core\Dependencies\YamlDotNet\Unity.VisualScripting.YamlDotNet.dll
Symbol file LoadedFromMemory doesn't match image C:\Users\genya\OneDrive\Desktop\Fall 2024 Game jam\GameJam-Fall24\Clickme_S4\Library\PackageCache\com.unity.visualscripting@1.8.0\Editor\VisualScripting.Core\Dependencies\DotNetZip\Unity.VisualScripting.IonicZip.dll
Symbol file LoadedFromMemory is not a mono symbol file
- Loaded All Assemblies, in  0.698 seconds
Refreshing native plugins compatible for Editor in 4.88 ms, found 3 plugins.
Native extension for UWP target not found
Native extension for WindowsStandalone target not found
Native extension for iOS target not found
Native extension for Android target not found
Native extension for WebGL target not found
Mono: successfully reloaded assembly
- Finished resetting the current domain, in  0.587 seconds
Domain Reload Profiling:
	ReloadAssembly (226ms)
		BeginReloadAssembly (136ms)
			ExecutionOrderSort (0ms)
			DisableScriptedObjects (5ms)
			BackupInstance (0ms)
			ReleaseScriptingObjects (0ms)
			CreateAndSetChildDomain (32ms)
		LoadAllAssembliesAndSetupDomain (469ms)
			LoadAssemblies (268ms)
			RebuildTransferFunctionScriptingTraits (0ms)
			SetupTypeCache (258ms)
				TypeCache.Initialize (240ms)
					TypeCache.ScanAssembly (234ms)
				ResolveRequiredComponents (7ms)
		FinalizeReload (0ms)
			ReleaseScriptCaches (0ms)
			RebuildScriptCaches (0ms)
			SetupLoadedEditorAssemblies (423ms)
				LogAssemblyErrors (0ms)
				InitializePlatformSupportModulesInManaged (38ms)
				SetLoadedEditorAssemblies (4ms)
				RefreshPlugins (0ms)
				BeforeProcessingInitializeOnLoad (57ms)
				ProcessInitializeOnLoadAttributes (294ms)
				ProcessInitializeOnLoadMethodAttributes (18ms)
				AfterProcessingInitializeOnLoad (12ms)
				EditorAssembliesLoaded (0ms)
			ExecutionOrderSort2 (0ms)
			AwakeInstancesAfterBackupRestoration (7ms)
Launched and connected shader compiler UnityShaderCompiler.exe after 0.07 seconds
Refreshing native plugins compatible for Editor in 3.47 ms, found 3 plugins.
Preloading 0 native plugins for Editor in 0.00 ms.
Unloading 2598 Unused Serialized files (Serialized files now loaded: 0)
Unloading 25 unused Assets / (56.1 KB). Loaded Objects now: 3061.
Memory consumption went from 101.1 MB to 101.1 MB.
Total: 4.574200 ms (FindLiveObjects: 0.262400 ms CreateObjectMapping: 0.072100 ms MarkObjects: 4.086700 ms  DeleteObjects: 0.150900 ms)

AssetImportParameters requested are different than current active one (requested -> active):
  custom:video-decoder-webm-vp8: 9c59270c3fd7afecdb556c50c9e8de78 -> 
  custom:container-demuxer-ogg: 62fdf1f143b41e24485cea50d1cbac27 -> 
  custom:AudioImporter_EditorPlatform: d09bf68614088b80899f8185d706f6e7 -> 
  custom:video-codec-MediaFoundation-h265: 746d11721c4dcdbdad8f713fa42b33f4 -> 
  custom:video-decoder-ogg-theora: a1e56fd34408186e4bbccfd4996cb3dc -> 
  custom:framework-win-MediaFoundation: 216162199b28c13a410421893ffa2e32 -> 
  custom:video-encoder-webm-vp8: eb34c28f22e8b96e1ab97ce403110664 -> 
  custom:audio-decoder-ogg-vorbis: bf7c407c2cedff20999df2af8eb42d56 -> 
  custom:container-demuxer-webm: 4f35f7cbe854078d1ac9338744f61a02 -> 
  custom:audio-encoder-webm-vorbis: bf7c407c2cedff20999df2af8eb42d56 -> 
  custom:container-muxer-webm: aa71ff27fc2769a1b78a27578f13a17b -> 
========================================================================
Received Import Request.
  Time since last request: 368105.998269 seconds.
  path: Assets/audio/AaCMPE.mp3
  artifactKey: Guid(96d265302f8e57f45b503b86c11d274a) Importer(815301076,1909f56bfc062723c751e8b465ee728b)
Start importing Assets/audio/AaCMPE.mp3 using Guid(96d265302f8e57f45b503b86c11d274a) Importer(815301076,1909f56bfc062723c751e8b465ee728b)  -> (artifact id: 'a7d128fcd7599e3eef37e0802e265fed') in 0.092242 seconds
Number of updated asset objects reloaded before import = 0
Number of asset objects unloaded after import = 2
========================================================================
Received Import Request.
  Time since last request: 0.000036 seconds.
  path: Assets/audio/JjCMPE.mp3
  artifactKey: Guid(c099579cbab56d740a642818c8cafc73) Importer(815301076,1909f56bfc062723c751e8b465ee728b)
Start importing Assets/audio/JjCMPE.mp3 using Guid(c099579cbab56d740a642818c8cafc73) Importer(815301076,1909f56bfc062723c751e8b465ee728b)  -> (artifact id: '7d329ff3fa5ce525ff66cabf7325353c') in 0.021914 seconds
Number of updated asset objects reloaded before import = 0
Number of asset objects unloaded after import = 2
========================================================================
Received Import Request.
  Time since last request: 0.000031 seconds.
  path: Assets/audio/NgCMPE.mp3
  artifactKey: Guid(d7dbc740c37eec64cbc6675fd2f8bb58) Importer(815301076,1909f56bfc062723c751e8b465ee728b)
Start importing Assets/audio/NgCMPE.mp3 using Guid(d7dbc740c37eec64cbc6675fd2f8bb58) Importer(815301076,1909f56bfc062723c751e8b465ee728b)  -> (artifact id: '426f9169373acc2f3603fa2c24d961a7') in 0.023031 seconds
Number of updated asset objects reloaded before import = 0
Number of asset objects unloaded after import = 2
========================================================================
Received Import Request.
  Time since last request: 0.000020 seconds.
  path: Assets/audio/DdCMPE.mp3
  artifactKey: Guid(5caba2edca1513344b8a4a4470479dfd) Importer(815301076,1909f56bfc062723c751e8b465ee728b)
Start importing Assets/audio/DdCMPE.mp3 using Guid(5caba2edca1513344b8a4a4470479dfd) Importer(815301076,1909f56bfc062723c751e8b465ee728b)  -> (artifact id: '3666e676e87a9eda438a344cc0d38c8e') in 0.030238 seconds
Number of updated asset objects reloaded before import = 0
Number of asset objects unloaded after import = 2
========================================================================
Received Import Request.
  Time since last request: 0.000025 seconds.
  path: Assets/audio/HhCMPE.mp3
  artifactKey: Guid(d816f86c0af866d4e87e1e3ec0add82a) Importer(815301076,1909f56bfc062723c751e8b465ee728b)
Start importing Assets/audio/HhCMPE.mp3 using Guid(d816f86c0af866d4e87e1e3ec0add82a) Importer(815301076,1909f56bfc062723c751e8b465ee728b)  -> (artifact id: '3907ffe8b196f7910bbec3e2fb094549') in 0.020666 seconds
Number of updated asset objects reloaded before import = 0
Number of asset objects unloaded after import = 2
========================================================================
Received Import Request.
  Time since last request: 0.000024 seconds.
  path: Assets/audio/ArCMPE.mp3
  artifactKey: Guid(504cd5db750244e469312b6e3655e6fb) Importer(815301076,1909f56bfc062723c751e8b465ee728b)
Start importing Assets/audio/ArCMPE.mp3 using Guid(504cd5db750244e469312b6e3655e6fb) Importer(815301076,1909f56bfc062723c751e8b465ee728b)  -> (artifact id: '0ad7ea055228eef751a2d1871f6a8c44') in 0.019635 seconds
Number of updated asset objects reloaded before import = 0
Number of asset objects unloaded after import = 2
========================================================================
Received Import Request.
  Time since last request: 0.000026 seconds.
  path: Assets/audio/ChCMPE.mp3
  artifactKey: Guid(c932e8cf1af393849afce0e779800d79) Importer(815301076,1909f56bfc062723c751e8b465ee728b)
Start importing Assets/audio/ChCMPE.mp3 using Guid(c932e8cf1af393849afce0e779800d79) Importer(815301076,1909f56bfc062723c751e8b465ee728b)  -> (artifact id: 'd592843900d1eb501072e32d425d258d') in 0.022234 seconds
Number of updated asset objects reloaded before import = 0
Number of asset objects unloaded after import = 2
========================================================================
Received Import Request.
  Time since last request: 0.000032 seconds.
  path: Assets/audio/OuCMPE.mp3
  artifactKey: Guid(f1aff45b860f06f4d874dd7f3393f8d6) Importer(815301076,1909f56bfc062723c751e8b465ee728b)
Start importing Assets/audio/OuCMPE.mp3 using Guid(f1aff45b860f06f4d874dd7f3393f8d6) Importer(815301076,1909f56bfc062723c751e8b465ee728b)  -> (artifact id: 'd15d4ec730b27d27b99ceb3ec4a2d3da') in 0.019788 seconds
Number of updated asset objects reloaded before import = 0
Number of asset objects unloaded after import = 2
========================================================================
Received Import Request.
  Time since last request: 0.000025 seconds.
  path: Assets/audio/IeCMPE.mp3
  artifactKey: Guid(cc5fc4fb35746064d876384b0ee88ac5) Importer(815301076,1909f56bfc062723c751e8b465ee728b)
Start importing Assets/audio/IeCMPE.mp3 using Guid(cc5fc4fb35746064d876384b0ee88ac5) Importer(815301076,1909f56bfc062723c751e8b465ee728b)  -> (artifact id: '377e4aa20447d6c2fec31dfe595c5dcf') in 0.014619 seconds
Number of updated asset objects reloaded before import = 0
Number of asset objects unloaded after import = 2
========================================================================
Received Import Request.
  Time since last request: 0.000020 seconds.
  path: Assets/audio/GgCMPE.mp3
  artifactKey: Guid(0dabca31fc7b0fa4cb7b476ced799285) Importer(815301076,1909f56bfc062723c751e8b465ee728b)
Start importing Assets/audio/GgCMPE.mp3 using Guid(0dabca31fc7b0fa4cb7b476ced799285) Importer(815301076,1909f56bfc062723c751e8b465ee728b)  -> (artifact id: 'a6c9039e759ab50ea67fefd60ac7f5ca') in 0.018508 seconds
Number of updated asset objects reloaded before import = 0
Number of asset objects unloaded after import = 2
========================================================================
Received Import Request.
  Time since last request: 0.000028 seconds.
  path: Assets/audio/OrCMPE.mp3
  artifactKey: Guid(13df8fdf7b9f01a49bd690f51bd00a19) Importer(815301076,1909f56bfc062723c751e8b465ee728b)
Start importing Assets/audio/OrCMPE.mp3 using Guid(13df8fdf7b9f01a49bd690f51bd00a19) Importer(815301076,1909f56bfc062723c751e8b465ee728b)  -> (artifact id: '59a6f91a00ba8609c81c15025ec68724') in 0.017979 seconds
Number of updated asset objects reloaded before import = 0
Number of asset objects unloaded after import = 2
========================================================================
Received Import Request.
  Time since last request: 0.000030 seconds.
  path: Assets/audio/EeCMPE.mp3
  artifactKey: Guid(a8544d302eab5544fb8f64db4a43551b) Importer(815301076,1909f56bfc062723c751e8b465ee728b)
Start importing Assets/audio/EeCMPE.mp3 using Guid(a8544d302eab5544fb8f64db4a43551b) Importer(815301076,1909f56bfc062723c751e8b465ee728b)  -> (artifact id: '763f6df62b4d23f8f9461ea36fb11d40') in 0.016462 seconds
Number of updated asset objects reloaded before import = 0
Number of asset objects unloaded after import = 2
========================================================================
Received Import Request.
  Time since last request: 0.000027 seconds.
  path: Assets/audio/BbCMPE.mp3
  artifactKey: Guid(fcc4e6c1ed80b9f438bb7a28048df1cb) Importer(815301076,1909f56bfc062723c751e8b465ee728b)
Start importing Assets/audio/BbCMPE.mp3 using Guid(fcc4e6c1ed80b9f438bb7a28048df1cb) Importer(815301076,1909f56bfc062723c751e8b465ee728b)  -> (artifact id: '58b044af28cb915c2604fb01548117a2') in 0.019813 seconds
Number of updated asset objects reloaded before import = 0
Number of asset objects unloaded after import = 2
========================================================================
Received Import Request.
  Time since last request: 0.000032 seconds.
  path: Assets/audio/OoCMPE.mp3
  artifactKey: Guid(85d8d829d4e4b5944bbb37a7fde42da9) Importer(815301076,1909f56bfc062723c751e8b465ee728b)
Start importing Assets/audio/OoCMPE.mp3 using Guid(85d8d829d4e4b5944bbb37a7fde42da9) Importer(815301076,1909f56bfc062723c751e8b465ee728b)  -> (artifact id: '4d2f59a0bf8e26541031e84458c22dab') in 0.019652 seconds
Number of updated asset objects reloaded before import = 0
Number of asset objects unloaded after import = 2
========================================================================
Received Import Request.
  Time since last request: 0.000043 seconds.
  path: Assets/audio/SsCMPE.mp3
  artifactKey: Guid(6871117ada6477b4ba0ca543cfbc4d76) Importer(815301076,1909f56bfc062723c751e8b465ee728b)
Start importing Assets/audio/SsCMPE.mp3 using Guid(6871117ada6477b4ba0ca543cfbc4d76) Importer(815301076,1909f56bfc062723c751e8b465ee728b)  -> (artifact id: 'c6803a0f9ef44a439b25e3c7bf2381c0') in 0.021183 seconds
Number of updated asset objects reloaded before import = 0
Number of asset objects unloaded after import = 2
========================================================================
Received Import Request.
  Time since last request: 0.000024 seconds.
  path: Assets/audio/ShCMPE.mp3
  artifactKey: Guid(c6d5343a24a913d408cb0d67a37e473c) Importer(815301076,1909f56bfc062723c751e8b465ee728b)
Start importing Assets/audio/ShCMPE.mp3 using Guid(c6d5343a24a913d408cb0d67a37e473c) Importer(815301076,1909f56bfc062723c751e8b465ee728b)  -> (artifact id: '2fd92844e493cddf671eba2f0e9dffe7') in 0.020369 seconds
Number of updated asset objects reloaded before import = 0
Number of asset objects unloaded after import = 2
========================================================================
Received Import Request.
  Time since last request: 0.000022 seconds.
  path: Assets/audio/PpCMPE.mp3
  artifactKey: Guid(3e6ff6a671b3c2541a5f239f57bfd77c) Importer(815301076,1909f56bfc062723c751e8b465ee728b)
Start importing Assets/audio/PpCMPE.mp3 using Guid(3e6ff6a671b3c2541a5f239f57bfd77c) Importer(815301076,1909f56bfc062723c751e8b465ee728b)  -> (artifact id: 'a2cd3a374c78f487aa2cf0449751f1aa') in 0.017892 seconds
Number of updated asset objects reloaded before import = 0
Number of asset objects unloaded after import = 2
Editor requested this worker to shutdown with reason: Scaling down because of idle timeout
TcpMessagingSession - receive error: operation aborted. errorcode: 995, details: The I/O operation has been aborted because of either a thread exit or an application request.
AssetImportWorker is now disconnected from the server
Process exiting
Exiting without the bug reporter. Application will terminate with return code 0